<?xml version="1.0" encoding="UTF-8"?>
<testng-results skipped="0" failed="2" ignored="0" total="6" passed="4">
  <reporter-output>
  </reporter-output>
  <suite name="Suite" duration-ms="48203" started-at="2020-01-02T17:50:32Z" finished-at="2020-01-02T17:51:20Z">
    <groups>
    </groups>
    <test name="Test" duration-ms="48203" started-at="2020-01-02T17:50:32Z" finished-at="2020-01-02T17:51:20Z">
      <class name="TestNg1.TestNg2">
        <test-method status="PASS" signature="BeforeTest()[pri:0, instance:TestNg1.TestNg2@458c1321]" name="BeforeTest" is-config="true" duration-ms="0" started-at="2020-01-02T17:50:32Z" finished-at="2020-01-02T17:50:32Z">
          <reporter-output>
          </reporter-output>
        </test-method> <!-- BeforeTest -->
        <test-method status="PASS" signature="CthirdTest(java.lang.String, java.lang.String)[pri:0, instance:TestNg1.TestNg2@458c1321]" name="CthirdTest" duration-ms="3" started-at="2020-01-02T17:51:20Z" finished-at="2020-01-02T17:51:20Z">
          <params>
            <param index="0">
              <value>
                <![CDATA[Sagar]]>
              </value>
            </param>
            <param index="1">
              <value>
                <![CDATA[SagarTest]]>
              </value>
            </param>
          </params>
          <reporter-output>
          </reporter-output>
        </test-method> <!-- CthirdTest -->
        <test-method status="PASS" signature="DforthTest()[pri:0, instance:TestNg1.TestNg2@458c1321]" name="DforthTest" duration-ms="2" started-at="2020-01-02T17:51:20Z" finished-at="2020-01-02T17:51:20Z">
          <reporter-output>
          </reporter-output>
        </test-method> <!-- DforthTest -->
      </class> <!-- TestNg1.TestNg2 -->
      <class name="TestNg1.TestNg1">
        <test-method status="PASS" signature="BeforeSuite()[pri:0, instance:TestNg1.TestNg1@305fd85d]" name="BeforeSuite" is-config="true" duration-ms="10" started-at="2020-01-02T17:50:32Z" finished-at="2020-01-02T17:50:32Z">
          <reporter-output>
          </reporter-output>
        </test-method> <!-- BeforeSuite -->
        <test-method status="PASS" signature="BeforeMethod()[pri:0, instance:TestNg1.TestNg1@305fd85d]" name="BeforeMethod" is-config="true" duration-ms="1" started-at="2020-01-02T17:50:32Z" finished-at="2020-01-02T17:50:32Z">
          <reporter-output>
          </reporter-output>
        </test-method> <!-- BeforeMethod -->
        <test-method status="PASS" signature="BeforeMethod()[pri:0, instance:TestNg1.TestNg1@305fd85d]" name="BeforeMethod" is-config="true" duration-ms="0" started-at="2020-01-02T17:50:32Z" finished-at="2020-01-02T17:50:32Z">
          <reporter-output>
          </reporter-output>
        </test-method> <!-- BeforeMethod -->
        <test-method status="FAIL" signature="executeSessionTwo()[pri:0, instance:TestNg1.TestNg1@305fd85d]" name="executeSessionTwo" duration-ms="48134" started-at="2020-01-02T17:50:32Z" finished-at="2020-01-02T17:51:20Z">
          <exception class="org.openqa.selenium.WebDriverException">
            <message>
              <![CDATA[Timed out waiting 45 seconds for Firefox to start.
Build info: version: '3.8.1', revision: '6e95a6684b', time: '2017-12-01T19:05:32.194Z'
System info: host: 'CSNB0366', ip: '192.168.43.47', os.name: 'Windows 10', os.arch: 'amd64', os.version: '10.0', java.version: '1.8.0_161'
Driver info: driver.version: FirefoxDriver]]>
            </message>
            <full-stacktrace>
              <![CDATA[org.openqa.selenium.WebDriverException: Timed out waiting 45 seconds for Firefox to start.
Build info: version: '3.8.1', revision: '6e95a6684b', time: '2017-12-01T19:05:32.194Z'
System info: host: 'CSNB0366', ip: '192.168.43.47', os.name: 'Windows 10', os.arch: 'amd64', os.version: '10.0', java.version: '1.8.0_161'
Driver info: driver.version: FirefoxDriver
at org.openqa.selenium.firefox.XpiDriverService.waitUntilAvailable(XpiDriverService.java:131)
at org.openqa.selenium.firefox.XpiDriverService.start(XpiDriverService.java:116)
at org.openqa.selenium.remote.service.DriverCommandExecutor.execute(DriverCommandExecutor.java:79)
at org.openqa.selenium.remote.RemoteWebDriver.execute(RemoteWebDriver.java:601)
at org.openqa.selenium.remote.RemoteWebDriver.startSession(RemoteWebDriver.java:219)
at org.openqa.selenium.remote.RemoteWebDriver.<init>(RemoteWebDriver.java:142)
at org.openqa.selenium.firefox.FirefoxDriver.<init>(FirefoxDriver.java:120)
at org.openqa.selenium.firefox.FirefoxDriver.<init>(FirefoxDriver.java:98)
at TestNg1.TestNg1.executeSessionTwo(TestNg1.java:72)
at sun.reflect.NativeMethodAccessorImpl.invoke0(Native Method)
at sun.reflect.NativeMethodAccessorImpl.invoke(NativeMethodAccessorImpl.java:62)
at sun.reflect.DelegatingMethodAccessorImpl.invoke(DelegatingMethodAccessorImpl.java:43)
at java.lang.reflect.Method.invoke(Method.java:498)
at org.testng.internal.MethodInvocationHelper.invokeMethod(MethodInvocationHelper.java:124)
at org.testng.internal.Invoker.invokeMethod(Invoker.java:580)
at org.testng.internal.Invoker.invokeTestMethod(Invoker.java:716)
at org.testng.internal.Invoker.invokeTestMethods(Invoker.java:988)
at org.testng.internal.TestMethodWorker.invokeTestMethods(TestMethodWorker.java:125)
at org.testng.internal.TestMethodWorker.run(TestMethodWorker.java:109)
at java.util.concurrent.ThreadPoolExecutor.runWorker(ThreadPoolExecutor.java:1149)
at java.util.concurrent.ThreadPoolExecutor$Worker.run(ThreadPoolExecutor.java:624)
at java.lang.Thread.run(Thread.java:748)
Caused by: org.openqa.selenium.net.UrlChecker$TimeoutException: Timed out waiting for [http://localhost:4527/hub/status] to be available after 45002 ms
at org.openqa.selenium.net.UrlChecker.waitUntilAvailable(UrlChecker.java:100)
at org.openqa.selenium.firefox.XpiDriverService.waitUntilAvailable(XpiDriverService.java:129)
... 21 more
Caused by: java.util.concurrent.TimeoutException
at java.util.concurrent.FutureTask.get(FutureTask.java:205)
at com.google.common.util.concurrent.SimpleTimeLimiter.callWithTimeout(SimpleTimeLimiter.java:147)
at org.openqa.selenium.net.UrlChecker.waitUntilAvailable(UrlChecker.java:75)
... 22 more
]]>
            </full-stacktrace>
          </exception> <!-- org.openqa.selenium.WebDriverException -->
          <reporter-output>
          </reporter-output>
        </test-method> <!-- executeSessionTwo -->
        <test-method status="PASS" signature="BeforeMethod()[pri:0, instance:TestNg1.TestNg1@305fd85d]" name="BeforeMethod" is-config="true" duration-ms="1" started-at="2020-01-02T17:50:32Z" finished-at="2020-01-02T17:50:32Z">
          <reporter-output>
          </reporter-output>
        </test-method> <!-- BeforeMethod -->
        <test-method status="PASS" signature="BsecondTest()[pri:0, instance:TestNg1.TestNg1@305fd85d]" name="BsecondTest" duration-ms="6" started-at="2020-01-02T17:50:32Z" finished-at="2020-01-02T17:50:32Z">
          <reporter-output>
          </reporter-output>
        </test-method> <!-- BsecondTest -->
        <test-method status="PASS" signature="executSessionOne()[pri:0, instance:TestNg1.TestNg1@305fd85d]" name="executSessionOne" duration-ms="10186" started-at="2020-01-02T17:50:32Z" finished-at="2020-01-02T17:50:42Z">
          <reporter-output>
          </reporter-output>
        </test-method> <!-- executSessionOne -->
        <test-method status="FAIL" signature="AfirstTest()[pri:0, instance:TestNg1.TestNg1@305fd85d]" name="AfirstTest" duration-ms="5" started-at="2020-01-02T17:50:32Z" depends-on-methods="TestNg1.TestNg1.BsecondTest" finished-at="2020-01-02T17:50:32Z">
          <exception class="java.lang.AssertionError">
            <message>
              <![CDATA[expected [true] but found [false]]]>
            </message>
            <full-stacktrace>
              <![CDATA[java.lang.AssertionError: expected [true] but found [false]
at org.testng.Assert.fail(Assert.java:96)
at org.testng.Assert.failNotEquals(Assert.java:776)
at org.testng.Assert.assertTrue(Assert.java:44)
at org.testng.Assert.assertTrue(Assert.java:54)
at TestNg1.TestNg1.AfirstTest(TestNg1.java:27)
at sun.reflect.NativeMethodAccessorImpl.invoke0(Native Method)
at sun.reflect.NativeMethodAccessorImpl.invoke(NativeMethodAccessorImpl.java:62)
at sun.reflect.DelegatingMethodAccessorImpl.invoke(DelegatingMethodAccessorImpl.java:43)
at java.lang.reflect.Method.invoke(Method.java:498)
at org.testng.internal.MethodInvocationHelper.invokeMethod(MethodInvocationHelper.java:124)
at org.testng.internal.Invoker.invokeMethod(Invoker.java:580)
at org.testng.internal.Invoker.invokeTestMethod(Invoker.java:716)
at org.testng.internal.Invoker.invokeTestMethods(Invoker.java:988)
at org.testng.internal.TestMethodWorker.invokeTestMethods(TestMethodWorker.java:125)
at org.testng.internal.TestMethodWorker.run(TestMethodWorker.java:109)
at java.util.concurrent.ThreadPoolExecutor.runWorker(ThreadPoolExecutor.java:1149)
at java.util.concurrent.ThreadPoolExecutor$Worker.run(ThreadPoolExecutor.java:624)
at java.lang.Thread.run(Thread.java:748)
]]>
            </full-stacktrace>
          </exception> <!-- java.lang.AssertionError -->
          <reporter-output>
          </reporter-output>
        </test-method> <!-- AfirstTest -->
        <test-method status="PASS" signature="BeforeMethod()[pri:0, instance:TestNg1.TestNg1@305fd85d]" name="BeforeMethod" is-config="true" duration-ms="0" started-at="2020-01-02T17:50:32Z" finished-at="2020-01-02T17:50:32Z">
          <reporter-output>
          </reporter-output>
        </test-method> <!-- BeforeMethod -->
      </class> <!-- TestNg1.TestNg1 -->
    </test> <!-- Test -->
  </suite> <!-- Suite -->
</testng-results>
